<?xml version="1.0" encoding="UTF-8"?>
<!-- Generated by org.testng.reporters.JUnitXMLReporter -->
<testsuite ignored="4" hostname="zMachine" failures="1" tests="13" name="CRM Automation Project" time="201.805" errors="0" timestamp="2020-11-19T17:45:36 AEDT">
  <testcase classname="com.CRM.TestCases.LoginTest" name="VerifyLoginTitle" time="0.07"/>
  <testcase classname="com.CRM.TestCases.LoginTest" name="VerifyLoginLogo" time="0.078"/>
  <testcase classname="com.CRM.TestCases.LoginTest" name="LoginTestMethod" time="4.74"/>
  <testcase classname="com.CRM.TestCases.HomePageTest" name="VerifyHomePageLabel" time="0.058"/>
  <testcase classname="com.CRM.TestCases.HomePageTest" name="VerifyHomePageTitle" time="0.009"/>
  <testcase classname="com.CRM.TestCases.ContactsPageTest" name="ValidateNewContactDDT" time="0.76">
    <failure type="org.openqa.selenium.StaleElementReferenceException" message="stale element reference: element is not attached to the page document
  (Session info: chrome=86.0.4240.198)
  (Driver info: chromedriver=2.36.540470 (e522d04694c7ebea4ba8821272dbef4f9b818c91),platform=Windows NT 10.0.19041 x86_64) (WARNING: The server did not provide any stacktrace information)
Command duration or timeout: 0 milliseconds
For documentation on this error, please visit: https://www.seleniumhq.org/exceptions/stale_element_reference.html
Build info: version: &amp;apos;3.141.59&amp;apos;, revision: &amp;apos;e82be7d358&amp;apos;, time: &amp;apos;2018-11-14T08:17:03&amp;apos;
System info: host: &amp;apos;ZMACHINE&amp;apos;, ip: &amp;apos;192.168.0.25&amp;apos;, os.name: &amp;apos;Windows 10&amp;apos;, os.arch: &amp;apos;amd64&amp;apos;, os.version: &amp;apos;10.0&amp;apos;, java.version: &amp;apos;13.0.2&amp;apos;
Driver info: org.openqa.selenium.chrome.ChromeDriver
Capabilities {acceptInsecureCerts: false, acceptSslCerts: false, applicationCacheEnabled: false, browserConnectionEnabled: false, browserName: chrome, chrome: {chromedriverVersion: 2.36.540470 (e522d04694c7eb..., userDataDir: C:\Users\dpkBhatt\AppData\L...}, cssSelectorsEnabled: true, databaseEnabled: false, handlesAlerts: true, hasTouchScreen: false, javascriptEnabled: true, locationContextEnabled: true, mobileEmulationEnabled: false, nativeEvents: true, networkConnectionEnabled: false, pageLoadStrategy: normal, platform: XP, platformName: XP, rotatable: false, setWindowRect: true, takesHeapSnapshot: true, takesScreenshot: true, unexpectedAlertBehaviour: , unhandledPromptBehavior: , version: 86.0.4240.198, webStorageEnabled: true}
Session ID: f3478bc999a42ca4eee438bcbd144511">
      <![CDATA[org.openqa.selenium.StaleElementReferenceException: stale element reference: element is not attached to the page document
  (Session info: chrome=86.0.4240.198)
  (Driver info: chromedriver=2.36.540470 (e522d04694c7ebea4ba8821272dbef4f9b818c91),platform=Windows NT 10.0.19041 x86_64) (WARNING: The server did not provide any stacktrace information)
Command duration or timeout: 0 milliseconds
For documentation on this error, please visit: https://www.seleniumhq.org/exceptions/stale_element_reference.html
Build info: version: '3.141.59', revision: 'e82be7d358', time: '2018-11-14T08:17:03'
System info: host: 'ZMACHINE', ip: '192.168.0.25', os.name: 'Windows 10', os.arch: 'amd64', os.version: '10.0', java.version: '13.0.2'
Driver info: org.openqa.selenium.chrome.ChromeDriver
Capabilities {acceptInsecureCerts: false, acceptSslCerts: false, applicationCacheEnabled: false, browserConnectionEnabled: false, browserName: chrome, chrome: {chromedriverVersion: 2.36.540470 (e522d04694c7eb..., userDataDir: C:\Users\dpkBhatt\AppData\L...}, cssSelectorsEnabled: true, databaseEnabled: false, handlesAlerts: true, hasTouchScreen: false, javascriptEnabled: true, locationContextEnabled: true, mobileEmulationEnabled: false, nativeEvents: true, networkConnectionEnabled: false, pageLoadStrategy: normal, platform: XP, platformName: XP, rotatable: false, setWindowRect: true, takesHeapSnapshot: true, takesScreenshot: true, unexpectedAlertBehaviour: , unhandledPromptBehavior: , version: 86.0.4240.198, webStorageEnabled: true}
Session ID: f3478bc999a42ca4eee438bcbd144511
at org.openqa.selenium.remote.ErrorHandler.createThrowable(ErrorHandler.java:214)
at org.openqa.selenium.remote.ErrorHandler.throwIfResponseFailed(ErrorHandler.java:166)
at org.openqa.selenium.remote.http.JsonHttpResponseCodec.reconstructValue(JsonHttpResponseCodec.java:40)
at org.openqa.selenium.remote.http.AbstractHttpResponseCodec.decode(AbstractHttpResponseCodec.java:80)
at org.openqa.selenium.remote.http.AbstractHttpResponseCodec.decode(AbstractHttpResponseCodec.java:44)
at org.openqa.selenium.remote.HttpCommandExecutor.execute(HttpCommandExecutor.java:158)
at org.openqa.selenium.remote.service.DriverCommandExecutor.execute(DriverCommandExecutor.java:83)
at org.openqa.selenium.remote.RemoteWebDriver.execute(RemoteWebDriver.java:552)
at org.openqa.selenium.remote.RemoteWebElement.execute(RemoteWebElement.java:285)
at org.openqa.selenium.remote.RemoteWebElement.click(RemoteWebElement.java:84)
at org.openqa.selenium.support.events.EventFiringWebDriver$EventFiringWebElement.lambda$new$0(EventFiringWebDriver.java:404)
at com.sun.proxy.$Proxy16.click(Unknown Source)
at org.openqa.selenium.support.events.EventFiringWebDriver$EventFiringWebElement.click(EventFiringWebDriver.java:417)
at org.openqa.selenium.support.pagefactory.internal.LocatingElementHandler.invoke(LocatingElementHandler.java:51)
at com.sun.proxy.$Proxy15.click(Unknown Source)
at com.CRM.Pages.HomePage.ClickOnNewContactLinks(HomePage.java:58)
at com.CRM.TestCases.ContactsPageTest.ValidateNewContactDDT(ContactsPageTest.java:72)
at java.base/java.util.ArrayList.forEach(ArrayList.java:1507)
... Removed 40 stack frames]]>
    </failure>
  </testcase> <!-- ValidateNewContactDDT -->
  <testcase classname="com.CRM.TestCases.ContactsPageTest" name="ValidateNewContactDDT" time="3.799"/>
  <testcase classname="com.CRM.TestCases.ContactsPageTest" name="ValidateNewContactDDT" time="3.275"/>
  <testcase classname="com.CRM.TestCases.ContactsPageTest" name="ValidateNewContactDDT" time="3.629"/>
  <testcase classname="com.CRM.TestCases.TasksPageTest" name="ValidateNewTasksDDT" time="3.092"/>
  <testcase classname="com.CRM.TestCases.TasksPageTest" name="ValidateNewTasksDDT" time="3.285"/>
  <testcase classname="com.CRM.TestCases.TasksPageTest" name="ValidateNewTasksDDT" time="3.273"/>
  <testcase classname="com.CRM.TestCases.TasksPageTest" name="ValidateNewTasksDDT" time="3.071"/>
  <testcase classname="com.CRM.TestCases.TasksPageTest" name="ValidateNewTask" time="0.0">
    <ignored/>
  </testcase> <!-- ValidateNewTask -->
  <testcase classname="com.CRM.TestCases.ContactsPageTest" name="VerifyContactsLabelTest" time="0.0">
    <ignored/>
  </testcase> <!-- VerifyContactsLabelTest -->
  <testcase classname="com.CRM.TestCases.ContactsPageTest" name="ValidateNewContact" time="0.0">
    <ignored/>
  </testcase> <!-- ValidateNewContact -->
  <testcase classname="com.CRM.TestCases.ContactsPageTest" name="SelectContactsTest" time="0.0">
    <ignored/>
  </testcase> <!-- SelectContactsTest -->
</testsuite> <!-- CRM Automation Project -->
